<?xml version="1.0" encoding="UTF-8"?>
<!-- Generated by org.testng.reporters.JUnitReportReporter -->
<testsuite hostname="DESKTOP-CK6VHMT" failures="0" tests="9" name="utility.DataExtractor" time="9.628" errors="0" timestamp="2023-04-06T07:40:22 IST" skipped="0">
  <testcase classname="utility.DataExtractor" name="CreateCustomer" time="0.822"/>
  <system-out/>
  <testcase classname="utility.DataExtractor" name="CreateCustomer" time="0.753"/>
  <system-out/>
  <testcase classname="utility.DataExtractor" name="CreateCustomer" time="0.689"/>
  <system-out/>
  <testcase classname="utility.DataExtractor" name="CreateCustomer" time="0.808"/>
  <system-out/>
  <testcase classname="utility.DataExtractor" name="CreateCustomer" time="0.831"/>
  <system-out/>
  <testcase classname="utility.DataExtractor" name="CreateCustomer" time="0.806"/>
  <system-out/>
  <testcase classname="utility.DataExtractor" name="CreateCustomer" time="3.562"/>
  <system-out/>
  <testcase classname="utility.DataExtractor" name="CreateCustomer" time="0.678"/>
  <system-out/>
  <testcase classname="utility.DataExtractor" name="CreateCustomer" time="0.679"/>
  <system-out/>
</testsuite> <!-- utility.DataExtractor -->
