<?xml version="1.0" encoding="UTF-8"?>
<!-- Generated by org.testng.reporters.JUnitReportReporter -->
<testsuite hostname="DESKTOP-CK6VHMT" failures="0" tests="9" name="utility.DataExtractor" time="10.739" errors="0" timestamp="2023-04-10T16:50:12 IST" skipped="0">
  <testcase classname="utility.DataExtractor" name="CreateCustomer" time="3.761"/>
  <system-out/>
  <testcase classname="utility.DataExtractor" name="CreateCustomer" time="0.776"/>
  <system-out/>
  <testcase classname="utility.DataExtractor" name="CreateCustomer" time="0.895"/>
  <system-out/>
  <testcase classname="utility.DataExtractor" name="CreateCustomer" time="0.878"/>
  <system-out/>
  <testcase classname="utility.DataExtractor" name="CreateCustomer" time="1.114"/>
  <system-out/>
  <testcase classname="utility.DataExtractor" name="CreateCustomer" time="0.920"/>
  <system-out/>
  <testcase classname="utility.DataExtractor" name="CreateCustomer" time="0.730"/>
  <system-out/>
  <testcase classname="utility.DataExtractor" name="CreateCustomer" time="0.718"/>
  <system-out/>
  <testcase classname="utility.DataExtractor" name="CreateCustomer" time="0.947"/>
  <system-out/>
</testsuite> <!-- utility.DataExtractor -->
